c:\users\chris\source\repos\mcmah113assignment2\mcmah113assignment2\debug\vc141.pdb
c:\users\chris\source\repos\mcmah113assignment2\mcmah113assignment2\debug\mcmah113chessboard.obj
c:\users\chris\source\repos\mcmah113assignment2\mcmah113assignment2\debug\datastructureleaderboard.obj
c:\users\chris\source\repos\mcmah113assignment2\mcmah113assignment2\debug\.netframework,version=v4.6.1.assemblyattributes.obj
c:\users\chris\source\repos\mcmah113assignment2\mcmah113assignment2\debug\.netframework,version=v4.6.1.assemblyattributes.asm
c:\users\chris\source\repos\mcmah113assignment2\debug\mcmah113assignment2.exe
c:\users\chris\source\repos\mcmah113assignment2\debug\mcmah113assignment2.pdb
c:\users\chris\source\repos\mcmah113assignment2\mcmah113assignment2\debug\mcmah113assignment2.mcmah113leaderboard.resources
c:\users\chris\source\repos\mcmah113assignment2\mcmah113assignment2\debug\mcmah113assignment2.vcxproj.generateresource.cache
c:\users\chris\source\repos\mcmah113assignment2\mcmah113assignment2\debug\mcmah113assignment2.vcxprojresolveassemblyreference.cache
c:\users\chris\source\repos\mcmah113assignment2\mcmah113assignment2\debug\mcmah113leaderboard.obj
c:\users\chris\source\repos\mcmah113assignment2\mcmah113assignment2\debug\mcmah113start.obj
c:\users\chris\source\repos\mcmah113assignment2\mcmah113assignment2\debug\mcmah113.d0feac58.tlog\cl.command.1.tlog
c:\users\chris\source\repos\mcmah113assignment2\mcmah113assignment2\debug\mcmah113.d0feac58.tlog\cl.read.1.tlog
c:\users\chris\source\repos\mcmah113assignment2\mcmah113assignment2\debug\mcmah113.d0feac58.tlog\cl.write.1.tlog
c:\users\chris\source\repos\mcmah113assignment2\mcmah113assignment2\debug\mcmah113.d0feac58.tlog\link.command.1.tlog
c:\users\chris\source\repos\mcmah113assignment2\mcmah113assignment2\debug\mcmah113.d0feac58.tlog\link.read.1.tlog
c:\users\chris\source\repos\mcmah113assignment2\mcmah113assignment2\debug\mcmah113.d0feac58.tlog\link.write.1.tlog
c:\users\chris\source\repos\mcmah113assignment2\mcmah113assignment2\debug\mcmah113.d0feac58.tlog\mcmah113assignment2.write.1u.tlog
c:\users\chris\source\repos\mcmah113assignment2\mcmah113assignment2\debug\mcmah113.d0feac58.tlog\metagen.read.1.tlog
c:\users\chris\source\repos\mcmah113assignment2\mcmah113assignment2\debug\mcmah113.d0feac58.tlog\metagen.write.1.tlog
c:\users\chris\source\repos\mcmah113assignment2\mcmah113assignment2\debug\mcmah113.d0feac58.tlog\tzres.dll.bi
